[debug] [2025-08-29T14:34:13.669Z] ----------------------------------------------------------------------
[debug] [2025-08-29T14:34:13.671Z] Command:       /usr/local/bin/node /usr/local/bin/firebase init
[debug] [2025-08-29T14:34:13.671Z] CLI Version:   14.15.1
[debug] [2025-08-29T14:34:13.671Z] Platform:      darwin
[debug] [2025-08-29T14:34:13.671Z] Node Version:  v22.17.1
[debug] [2025-08-29T14:34:13.672Z] Time:          Fri Aug 29 2025 17:34:13 GMT+0300 (Eastern European Summer Time)
[debug] [2025-08-29T14:34:13.672Z] ----------------------------------------------------------------------
[debug] 
[debug] [2025-08-29T14:34:13.677Z] > command requires scopes: ["email","openid","https://www.googleapis.com/auth/cloudplatformprojects.readonly","https://www.googleapis.com/auth/firebase","https://www.googleapis.com/auth/cloud-platform"]
[debug] [2025-08-29T14:34:13.677Z] > authorizing via signed-in user (tzhran2024@gmail.com)
[info] 
     ######## #### ########  ######## ########     ###     ######  ########
     ##        ##  ##     ## ##       ##     ##  ##   ##  ##       ##
     ######    ##  ########  ######   ########  #########  ######  ######
     ##        ##  ##    ##  ##       ##     ## ##     ##       ## ##
     ##       #### ##     ## ######## ########  ##     ##  ######  ########

You're about to initialize a Firebase project in this directory:

  /Users/tarekzhran/Documents/pur

[info] 
=== Project Setup
[info] 
[info] First, let's associate this project directory with a Firebase project.
[info] You can create multiple project aliases by running firebase use --add, 
[info] but for now we'll just set up a default project.
[info] 
[info] i  If you want to create a project in a Google Cloud organization or folder, please use "firebase projects:create" instead, and return to this command when you've created the project. 
[debug] [2025-08-29T14:34:51.900Z] Checked if tokens are valid: false, expires at: 1712021501412
[debug] [2025-08-29T14:34:51.901Z] Checked if tokens are valid: false, expires at: 1712021501412
[debug] [2025-08-29T14:34:51.901Z] > refreshing access token with scopes: []
[debug] [2025-08-29T14:34:51.905Z] >>> [apiv2][query] POST https://www.googleapis.com/oauth2/v3/token [none]
[debug] [2025-08-29T14:34:51.905Z] >>> [apiv2][body] POST https://www.googleapis.com/oauth2/v3/token [omitted]
[debug] [2025-08-29T14:34:52.423Z] <<< [apiv2][status] POST https://www.googleapis.com/oauth2/v3/token 400
[debug] [2025-08-29T14:34:52.423Z] <<< [apiv2][body] POST https://www.googleapis.com/oauth2/v3/token [omitted]
[debug] [2025-08-29T14:34:52.424Z] >>> [apiv2][query] POST https://firebase.googleapis.com/v1/projects:checkProjectId [none]
[debug] [2025-08-29T14:34:52.424Z] >>> [apiv2][body] POST https://firebase.googleapis.com/v1/projects:checkProjectId {"proposedId":"pur2025"}
[debug] [2025-08-29T14:34:52.876Z] <<< [apiv2][status] POST https://firebase.googleapis.com/v1/projects:checkProjectId 401
[debug] [2025-08-29T14:34:52.877Z] <<< [apiv2][body] POST https://firebase.googleapis.com/v1/projects:checkProjectId {"error":{"code":401,"message":"Request had invalid authentication credentials. Expected OAuth 2 access token, login cookie or other valid authentication credential. See https://developers.google.com/identity/sign-in/web/devconsole-project.","status":"UNAUTHENTICATED"}}
[debug] [2025-08-29T14:34:52.877Z] Got a 401 Unauthenticated error for a call that required authentication. Refreshing tokens.
[debug] [2025-08-29T14:34:52.877Z] Checked if tokens are valid: false, expires at: 1712021501412
[debug] [2025-08-29T14:34:52.877Z] Checked if tokens are valid: false, expires at: 1712021501412
[debug] [2025-08-29T14:34:52.877Z] > refreshing access token with scopes: []
[debug] [2025-08-29T14:34:52.878Z] >>> [apiv2][query] POST https://www.googleapis.com/oauth2/v3/token [none]
[debug] [2025-08-29T14:34:52.878Z] >>> [apiv2][body] POST https://www.googleapis.com/oauth2/v3/token [omitted]
[debug] [2025-08-29T14:34:53.049Z] <<< [apiv2][status] POST https://www.googleapis.com/oauth2/v3/token 400
[debug] [2025-08-29T14:34:53.050Z] <<< [apiv2][body] POST https://www.googleapis.com/oauth2/v3/token [omitted]
[debug] [2025-08-29T14:34:53.051Z] Couldn't check if project ID pur2025 is available. Original error: FirebaseError: Failed to check if project ID is available. See firebase-debug.log for more info.
[debug] [2025-08-29T14:35:01.709Z] Checked if tokens are valid: false, expires at: 1712021501412
[debug] [2025-08-29T14:35:01.709Z] Checked if tokens are valid: false, expires at: 1712021501412
[debug] [2025-08-29T14:35:01.709Z] > refreshing access token with scopes: []
[debug] [2025-08-29T14:35:01.710Z] >>> [apiv2][query] POST https://www.googleapis.com/oauth2/v3/token [none]
[debug] [2025-08-29T14:35:01.710Z] >>> [apiv2][body] POST https://www.googleapis.com/oauth2/v3/token [omitted]
[debug] [2025-08-29T14:35:02.182Z] <<< [apiv2][status] POST https://www.googleapis.com/oauth2/v3/token 400
[debug] [2025-08-29T14:35:02.182Z] <<< [apiv2][body] POST https://www.googleapis.com/oauth2/v3/token [omitted]
[debug] [2025-08-29T14:35:02.183Z] >>> [apiv2][query] POST https://cloudresourcemanager.googleapis.com/v1/projects [none]
[debug] [2025-08-29T14:35:02.183Z] >>> [apiv2][body] POST https://cloudresourcemanager.googleapis.com/v1/projects {"projectId":"pur2025","name":"pur2025"}
[debug] [2025-08-29T14:35:03.370Z] <<< [apiv2][status] POST https://cloudresourcemanager.googleapis.com/v1/projects 401
[debug] [2025-08-29T14:35:03.371Z] <<< [apiv2][body] POST https://cloudresourcemanager.googleapis.com/v1/projects {"error":{"code":401,"message":"Request had invalid authentication credentials. Expected OAuth 2 access token, login cookie or other valid authentication credential. See https://developers.google.com/identity/sign-in/web/devconsole-project.","status":"UNAUTHENTICATED","details":[{"@type":"type.googleapis.com/google.rpc.ErrorInfo","reason":"ACCESS_TOKEN_TYPE_UNSUPPORTED","metadata":{"method":"google.cloudresourcemanager.v1.Projects.CreateProject","service":"cloudresourcemanager.googleapis.com"}}]}}
[debug] [2025-08-29T14:35:03.371Z] Got a 401 Unauthenticated error for a call that required authentication. Refreshing tokens.
[debug] [2025-08-29T14:35:03.371Z] Checked if tokens are valid: false, expires at: 1712021501412
[debug] [2025-08-29T14:35:03.371Z] Checked if tokens are valid: false, expires at: 1712021501412
[debug] [2025-08-29T14:35:03.371Z] > refreshing access token with scopes: []
[debug] [2025-08-29T14:35:03.371Z] >>> [apiv2][query] POST https://www.googleapis.com/oauth2/v3/token [none]
[debug] [2025-08-29T14:35:03.372Z] >>> [apiv2][body] POST https://www.googleapis.com/oauth2/v3/token [omitted]
[debug] [2025-08-29T14:35:03.556Z] <<< [apiv2][status] POST https://www.googleapis.com/oauth2/v3/token 400
[debug] [2025-08-29T14:35:03.556Z] <<< [apiv2][body] POST https://www.googleapis.com/oauth2/v3/token [omitted]
[debug] [2025-08-29T14:35:04.023Z] FirebaseError: Request to https://cloudresourcemanager.googleapis.com/v1/projects had HTTP Error: 401, Request had invalid authentication credentials. Expected OAuth 2 access token, login cookie or other valid authentication credential. See https://developers.google.com/identity/sign-in/web/devconsole-project.
    at responseToError (/usr/local/lib/node_modules/firebase-tools/lib/responseToError.js:52:12)
    at RetryOperation._fn (/usr/local/lib/node_modules/firebase-tools/lib/apiv2.js:312:77)
    at process.processTicksAndRejections (node:internal/process/task_queues:105:5)
[error] 
[error] Error: Failed to create project. See firebase-debug.log for more info.
